<?xml version="1.0" encoding="UTF-8"?>
<testsuite xmlns:xsi="http://www.w3.org/2001/XMLSchema-instance" xsi:noNamespaceSchemaLocation="https://maven.apache.org/surefire/maven-surefire-plugin/xsd/surefire-test-report.xsd" name="TestSuite" time="3,163.341" tests="16" errors="0" skipped="1" failures="7">
  <properties>
[...]
</properties>
  <testcase name="testTAWOs" classname="config.WFUnitTests" time="577.121"/>
  <testcase name="testColdstartPRwithTAWO" classname="config.WFUnitTests" time="274.161"/>
  <testcase name="testPOGeneratedByTAWO" classname="config.WFUnitTests" time="207.093"/>
  <testcase name="multipleAreaAndRegion" classname="config.Shakedown6" time="317.175"/>
  <testcase name="test" classname="config.Shakedown6" time="187.95"/>
  <testcase name="test" classname="config.Shakedown6" time="200.06"/>
  <testcase name="test" classname="config.Shakedown6" time="0">
    <skipped/>
    <system-out><![CDATA[Element xpath: By.xpath: .//*[@id='loginbutton'] was found
Element xpath: By.xpath: .//*[@id='titlebar-tb_homeButton'] was found
Element xpath: By.xpath: //span[contains(@id,'ASSET_MODULE_')] was found
Element xpath: By.xpath: //span[contains(@id,'ASSET_MODULE_')] was found
Element xpath: By.xpath: //span[contains(@id,'_ASSET_MODULE_sub_changeapp_ASSET_')] was found
Element xpath: By.xpath: //img[contains(@id,'INSERT-tbb_')] was found
Element xpath: By.xpath: //input[contains(@aria-label, 'Asset description')] was found
Element xpath: By.xpath: //input[contains(@aria-label, 'Asset description')] was found
Element xpath: By.xpath: //input[contains(@aria-label, 'Asset description')] was found
Element xpath: By.xpath: //a[@id=(//label[text()="Linear?"]/@for)] was found
Element xpath: By.xpath: //input[@id=(//label[text()="Discipline:"]/@for)] was found
Element xpath: By.xpath: //input[@id=(//label[text()="Discipline:"]/@for)] was found
Element xpath: By.xpath: //input[@id=(//label[text()="Discipline:"]/@for)] was found
Element xpath: By.xpath: //input[@id=(//label[text()="Region:"]/@for)] was found
Element xpath: By.xpath: //input[@id=(//label[text()="Region:"]/@for)] was found
Element xpath: By.xpath: //input[@id=(//label[text()="Region:"]/@for)] was found
Element xpath: By.xpath: //input[@id=(//label[text()="Area:"]/@for)] was found
Element xpath: By.xpath: //input[@id=(//label[text()="Area:"]/@for)] was found
Element xpath: By.xpath: //input[@id=(//label[text()="Area:"]/@for)] was found
Element xpath: By.xpath: //input[@id=(//label[text()="Line:"]/@for)] was found
Element xpath: By.xpath: //input[@id=(//label[text()="Line:"]/@for)] was found
Element xpath: By.xpath: //input[@id=(//label[text()="Line:"]/@for)] was found
Element xpath: By.xpath: //img[contains(@id,'SAVE-tbb_')] was found
Element xpath: By.xpath: //label[contains(@id,'mb_msg')] was found
Element xpath: By.xpath: //button[@type='button' and contains (., "OK")] was found
Element xpath: By.xpath: //input[@id=(//label[text()="LRM:"]/@for)] was found
Element xpath: By.xpath: //input[@id=(//label[text()="LRM:"]/@for)] was found
Element xpath: By.xpath: //input[@id=(//label[text()="LRM:"]/@for)] was found
]]></system-out>
    <system-err><![CDATA[Starting ChromeDriver 2.37.544315 (730aa6a5fdba159ac9f4c1e8cbc59bf1b5ce12b7) on port 16927
Only local connections are allowed.
Jun 19, 2018 11:20:37 AM org.openqa.selenium.remote.ProtocolHandshake createSession
INFO: Detected dialect: OSS
]]></system-err>
  </testcase>
  <testcase name="test" classname="config.Shakedown6" time="112.046">
    <failure type="java.lang.AssertionError:">java.lang.AssertionError: null
	at config.Shakedown6.test(Shakedown6.java:152)
</failure>
    <system-out><![CDATA[Element xpath: By.xpath: .//*[@id='loginbutton'] was found
Element xpath: By.xpath: .//*[@id='titlebar-tb_homeButton'] was found
Element xpath: By.xpath: //span[contains(@id,'ASSET_MODULE_')] was found
Element xpath: By.xpath: //span[contains(@id,'ASSET_MODULE_')] was found
Element xpath: By.xpath: //span[contains(@id,'_ASSET_MODULE_sub_changeapp_ASSET_')] was found
Element xpath: By.xpath: //img[contains(@id,'INSERT-tbb_')] was found
Element xpath: By.xpath: //input[contains(@aria-label, 'Asset description')] was found
Element xpath: By.xpath: //input[contains(@aria-label, 'Asset description')] was found
Element xpath: By.xpath: //input[contains(@aria-label, 'Asset description')] was found
Element xpath: By.xpath: //a[@id=(//label[text()="Linear?"]/@for)] was found
Element xpath: By.xpath: //input[@id=(//label[text()="Discipline:"]/@for)] was found
Element xpath: By.xpath: //input[@id=(//label[text()="Discipline:"]/@for)] was found
Element xpath: By.xpath: //input[@id=(//label[text()="Discipline:"]/@for)] was found
Element xpath: By.xpath: //input[@id=(//label[text()="Region:"]/@for)] was found
Element xpath: By.xpath: //input[@id=(//label[text()="Region:"]/@for)] was found
Element xpath: By.xpath: //input[@id=(//label[text()="Region:"]/@for)] was found
Element xpath: By.xpath: //input[@id=(//label[text()="Area:"]/@for)] was found
Element xpath: By.xpath: //input[@id=(//label[text()="Area:"]/@for)] was found
Element xpath: By.xpath: //input[@id=(//label[text()="Area:"]/@for)] was found
Element xpath: By.xpath: //input[@id=(//label[text()="Line:"]/@for)] was found
Element xpath: By.xpath: //input[@id=(//label[text()="Line:"]/@for)] was found
Element xpath: By.xpath: //input[@id=(//label[text()="Line:"]/@for)] was found
Element xpath: By.xpath: //img[contains(@id,'SAVE-tbb_')] was found
Element xpath: By.xpath: //label[contains(@id,'mb_msg')] was found
Element xpath: By.xpath: //button[@type='button' and contains (., "OK")] was found
Element xpath: By.xpath: //input[@id=(//label[text()="LRM:"]/@for)] was found
Element xpath: By.xpath: //input[@id=(//label[text()="LRM:"]/@for)] was found
Element xpath: By.xpath: //input[@id=(//label[text()="LRM:"]/@for)] was found
]]></system-out>
    <system-err><![CDATA[Starting ChromeDriver 2.37.544315 (730aa6a5fdba159ac9f4c1e8cbc59bf1b5ce12b7) on port 36338
Only local connections are allowed.
Jun 19, 2018 11:22:33 AM org.openqa.selenium.remote.ProtocolHandshake createSession
INFO: Detected dialect: OSS
]]></system-err>
  </testcase>
  <testcase name="test" classname="config.Shakedown6" time="109.513">
    <failure type="java.lang.AssertionError:">java.lang.AssertionError: null
	at config.Shakedown6.test(Shakedown6.java:152)
</failure>
    <system-out><![CDATA[Element xpath: By.xpath: .//*[@id='loginbutton'] was found
Element xpath: By.xpath: .//*[@id='titlebar-tb_homeButton'] was found
Element xpath: By.xpath: //span[contains(@id,'ASSET_MODULE_')] was found
Element xpath: By.xpath: //span[contains(@id,'ASSET_MODULE_')] was found
Element xpath: By.xpath: //span[contains(@id,'_ASSET_MODULE_sub_changeapp_ASSET_')] was found
Element xpath: By.xpath: //img[contains(@id,'INSERT-tbb_')] was found
Element xpath: By.xpath: //input[contains(@aria-label, 'Asset description')] was found
Element xpath: By.xpath: //input[contains(@aria-label, 'Asset description')] was found
Element xpath: By.xpath: //input[contains(@aria-label, 'Asset description')] was found
Element xpath: By.xpath: //a[@id=(//label[text()="Linear?"]/@for)] was found
Element xpath: By.xpath: //input[@id=(//label[text()="Discipline:"]/@for)] was found
Element xpath: By.xpath: //input[@id=(//label[text()="Discipline:"]/@for)] was found
Element xpath: By.xpath: //input[@id=(//label[text()="Discipline:"]/@for)] was found
Element xpath: By.xpath: //input[@id=(//label[text()="Region:"]/@for)] was found
Element xpath: By.xpath: //input[@id=(//label[text()="Region:"]/@for)] was found
Element xpath: By.xpath: //input[@id=(//label[text()="Region:"]/@for)] was found
Element xpath: By.xpath: //input[@id=(//label[text()="Area:"]/@for)] was found
Element xpath: By.xpath: //input[@id=(//label[text()="Area:"]/@for)] was found
Element xpath: By.xpath: //input[@id=(//label[text()="Area:"]/@for)] was found
Element xpath: By.xpath: //input[@id=(//label[text()="Line:"]/@for)] was found
Element xpath: By.xpath: //input[@id=(//label[text()="Line:"]/@for)] was found
Element xpath: By.xpath: //input[@id=(//label[text()="Line:"]/@for)] was found
Element xpath: By.xpath: //img[contains(@id,'SAVE-tbb_')] was found
Element xpath: By.xpath: //label[contains(@id,'mb_msg')] was found
Element xpath: By.xpath: //button[@type='button' and contains (., "OK")] was found
Element xpath: By.xpath: //input[@id=(//label[text()="LRM:"]/@for)] was found
Element xpath: By.xpath: //input[@id=(//label[text()="LRM:"]/@for)] was found
Element xpath: By.xpath: //input[@id=(//label[text()="LRM:"]/@for)] was found
]]></system-out>
    <system-err><![CDATA[Starting ChromeDriver 2.37.544315 (730aa6a5fdba159ac9f4c1e8cbc59bf1b5ce12b7) on port 14019
Only local connections are allowed.
Jun 19, 2018 11:24:31 AM org.openqa.selenium.remote.ProtocolHandshake createSession
INFO: Detected dialect: OSS
]]></system-err>
  </testcase>
  <testcase name="test" classname="config.Shakedown6" time="109.876">
    <failure type="java.lang.AssertionError:">java.lang.AssertionError: null
	at config.Shakedown6.test(Shakedown6.java:152)
</failure>
    <system-out><![CDATA[Element xpath: By.xpath: .//*[@id='loginbutton'] was found
Element xpath: By.xpath: .//*[@id='titlebar-tb_homeButton'] was found
Element xpath: By.xpath: //span[contains(@id,'ASSET_MODULE_')] was found
Element xpath: By.xpath: //span[contains(@id,'ASSET_MODULE_')] was found
Element xpath: By.xpath: //span[contains(@id,'_ASSET_MODULE_sub_changeapp_ASSET_')] was found
Element xpath: By.xpath: //img[contains(@id,'INSERT-tbb_')] was found
Element xpath: By.xpath: //input[contains(@aria-label, 'Asset description')] was found
Element xpath: By.xpath: //input[contains(@aria-label, 'Asset description')] was found
Element xpath: By.xpath: //input[contains(@aria-label, 'Asset description')] was found
Element xpath: By.xpath: //a[@id=(//label[text()="Linear?"]/@for)] was found
Element xpath: By.xpath: //input[@id=(//label[text()="Discipline:"]/@for)] was found
Element xpath: By.xpath: //input[@id=(//label[text()="Discipline:"]/@for)] was found
Element xpath: By.xpath: //input[@id=(//label[text()="Discipline:"]/@for)] was found
Element xpath: By.xpath: //input[@id=(//label[text()="Region:"]/@for)] was found
Element xpath: By.xpath: //input[@id=(//label[text()="Region:"]/@for)] was found
Element xpath: By.xpath: //input[@id=(//label[text()="Region:"]/@for)] was found
Element xpath: By.xpath: //input[@id=(//label[text()="Area:"]/@for)] was found
Element xpath: By.xpath: //input[@id=(//label[text()="Area:"]/@for)] was found
Element xpath: By.xpath: //input[@id=(//label[text()="Area:"]/@for)] was found
Element xpath: By.xpath: //input[@id=(//label[text()="Line:"]/@for)] was found
Element xpath: By.xpath: //input[@id=(//label[text()="Line:"]/@for)] was found
Element xpath: By.xpath: //input[@id=(//label[text()="Line:"]/@for)] was found
Element xpath: By.xpath: //img[contains(@id,'SAVE-tbb_')] was found
Element xpath: By.xpath: //label[contains(@id,'mb_msg')] was found
Element xpath: By.xpath: //button[@type='button' and contains (., "OK")] was found
Element xpath: By.xpath: //input[@id=(//label[text()="LRM:"]/@for)] was found
Element xpath: By.xpath: //input[@id=(//label[text()="LRM:"]/@for)] was found
Element xpath: By.xpath: //input[@id=(//label[text()="LRM:"]/@for)] was found
]]></system-out>
    <system-err><![CDATA[Starting ChromeDriver 2.37.544315 (730aa6a5fdba159ac9f4c1e8cbc59bf1b5ce12b7) on port 18847
Only local connections are allowed.
Jun 19, 2018 11:26:25 AM org.openqa.selenium.remote.ProtocolHandshake createSession
INFO: Detected dialect: OSS
]]></system-err>
  </testcase>
  <testcase name="test" classname="config.Shakedown6" time="197.687"/>
  <testcase name="test" classname="config.Shakedown6" time="200.142"/>
  <testcase name="test" classname="config.Shakedown6" time="117.29">
    <failure type="java.lang.AssertionError:">java.lang.AssertionError: null
	at config.Shakedown6.test(Shakedown6.java:152)
</failure>
    <system-out><![CDATA[Element xpath: By.xpath: .//*[@id='loginbutton'] was found
Element xpath: By.xpath: .//*[@id='titlebar-tb_homeButton'] was found
Element xpath: By.xpath: //span[contains(@id,'ASSET_MODULE_')] was found
Element xpath: By.xpath: //span[contains(@id,'ASSET_MODULE_')] was found
Element xpath: By.xpath: //span[contains(@id,'_ASSET_MODULE_sub_changeapp_ASSET_')] was found
Element xpath: By.xpath: //img[contains(@id,'INSERT-tbb_')] was found
Element xpath: By.xpath: //input[contains(@aria-label, 'Asset description')] was found
Element xpath: By.xpath: //input[contains(@aria-label, 'Asset description')] was found
Element xpath: By.xpath: //input[contains(@aria-label, 'Asset description')] was found
Element xpath: By.xpath: //a[@id=(//label[text()="Linear?"]/@for)] was found
Element xpath: By.xpath: //input[@id=(//label[text()="Discipline:"]/@for)] was found
Element xpath: By.xpath: //input[@id=(//label[text()="Discipline:"]/@for)] was found
Element xpath: By.xpath: //input[@id=(//label[text()="Discipline:"]/@for)] was found
Element xpath: By.xpath: //input[@id=(//label[text()="Region:"]/@for)] was found
Element xpath: By.xpath: //input[@id=(//label[text()="Region:"]/@for)] was found
Element xpath: By.xpath: //input[@id=(//label[text()="Region:"]/@for)] was found
Element xpath: By.xpath: //input[@id=(//label[text()="Area:"]/@for)] was found
Element xpath: By.xpath: //input[@id=(//label[text()="Area:"]/@for)] was found
Element xpath: By.xpath: //input[@id=(//label[text()="Area:"]/@for)] was found
Element xpath: By.xpath: //input[@id=(//label[text()="Line:"]/@for)] was found
Element xpath: By.xpath: //input[@id=(//label[text()="Line:"]/@for)] was found
Element xpath: By.xpath: //input[@id=(//label[text()="Line:"]/@for)] was found
Element xpath: By.xpath: //img[contains(@id,'SAVE-tbb_')] was found
Element xpath: By.xpath: //label[contains(@id,'mb_msg')] was found
Element xpath: By.xpath: //button[@type='button' and contains (., "OK")] was found
Element xpath: By.xpath: //input[@id=(//label[text()="LRM:"]/@for)] was found
Element xpath: By.xpath: //input[@id=(//label[text()="LRM:"]/@for)] was found
Element xpath: By.xpath: //input[@id=(//label[text()="LRM:"]/@for)] was found
]]></system-out>
    <system-err><![CDATA[Starting ChromeDriver 2.37.544315 (730aa6a5fdba159ac9f4c1e8cbc59bf1b5ce12b7) on port 36851
Only local connections are allowed.
Jun 19, 2018 11:35:12 AM org.openqa.selenium.remote.ProtocolHandshake createSession
INFO: Detected dialect: OSS
]]></system-err>
  </testcase>
  <testcase name="test" classname="config.Shakedown6" time="121.653">
    <failure type="java.lang.AssertionError:">java.lang.AssertionError: null
	at config.Shakedown6.test(Shakedown6.java:152)
</failure>
    <system-out><![CDATA[Element xpath: By.xpath: .//*[@id='loginbutton'] was found
Element xpath: By.xpath: .//*[@id='titlebar-tb_homeButton'] was found
Element xpath: By.xpath: //span[contains(@id,'ASSET_MODULE_')] was found
Element xpath: By.xpath: //span[contains(@id,'ASSET_MODULE_')] was found
Element xpath: By.xpath: //span[contains(@id,'_ASSET_MODULE_sub_changeapp_ASSET_')] was found
Element xpath: By.xpath: //img[contains(@id,'INSERT-tbb_')] was found
Element xpath: By.xpath: //input[contains(@aria-label, 'Asset description')] was found
Element xpath: By.xpath: //input[contains(@aria-label, 'Asset description')] was found
Element xpath: By.xpath: //input[contains(@aria-label, 'Asset description')] was found
Element xpath: By.xpath: //a[@id=(//label[text()="Linear?"]/@for)] was found
Element xpath: By.xpath: //input[@id=(//label[text()="Discipline:"]/@for)] was found
Element xpath: By.xpath: //input[@id=(//label[text()="Discipline:"]/@for)] was found
Element xpath: By.xpath: //input[@id=(//label[text()="Discipline:"]/@for)] was found
Element xpath: By.xpath: //input[@id=(//label[text()="Region:"]/@for)] was found
Element xpath: By.xpath: //input[@id=(//label[text()="Region:"]/@for)] was found
Element xpath: By.xpath: //input[@id=(//label[text()="Region:"]/@for)] was found
Element xpath: By.xpath: //input[@id=(//label[text()="Area:"]/@for)] was found
Element xpath: By.xpath: //input[@id=(//label[text()="Area:"]/@for)] was found
Element xpath: By.xpath: //input[@id=(//label[text()="Area:"]/@for)] was found
Element xpath: By.xpath: //input[@id=(//label[text()="Line:"]/@for)] was found
Element xpath: By.xpath: //input[@id=(//label[text()="Line:"]/@for)] was found
Element xpath: By.xpath: //input[@id=(//label[text()="Line:"]/@for)] was found
Element xpath: By.xpath: //img[contains(@id,'SAVE-tbb_')] was found
Element xpath: By.xpath: //label[contains(@id,'mb_msg')] was found
Element xpath: By.xpath: //button[@type='button' and contains (., "OK")] was found
Element xpath: By.xpath: //input[@id=(//label[text()="LRM:"]/@for)] was found
Element xpath: By.xpath: //input[@id=(//label[text()="LRM:"]/@for)] was found
Element xpath: By.xpath: //input[@id=(//label[text()="LRM:"]/@for)] was found
]]></system-out>
    <system-err><![CDATA[Starting ChromeDriver 2.37.544315 (730aa6a5fdba159ac9f4c1e8cbc59bf1b5ce12b7) on port 22805
Only local connections are allowed.
Jun 19, 2018 11:37:16 AM org.openqa.selenium.remote.ProtocolHandshake createSession
INFO: Detected dialect: OSS
]]></system-err>
  </testcase>
  <testcase name="test" classname="config.Shakedown6" time="108.513">
    <failure type="java.lang.AssertionError:">java.lang.AssertionError: null
	at config.Shakedown6.test(Shakedown6.java:152)
</failure>
    <system-out><![CDATA[Element xpath: By.xpath: .//*[@id='loginbutton'] was found
Element xpath: By.xpath: .//*[@id='titlebar-tb_homeButton'] was found
Element xpath: By.xpath: //span[contains(@id,'ASSET_MODULE_')] was found
Element xpath: By.xpath: //span[contains(@id,'ASSET_MODULE_')] was found
Element xpath: By.xpath: //span[contains(@id,'_ASSET_MODULE_sub_changeapp_ASSET_')] was found
Element xpath: By.xpath: //img[contains(@id,'INSERT-tbb_')] was found
Element xpath: By.xpath: //input[contains(@aria-label, 'Asset description')] was found
Element xpath: By.xpath: //input[contains(@aria-label, 'Asset description')] was found
Element xpath: By.xpath: //input[contains(@aria-label, 'Asset description')] was found
Element xpath: By.xpath: //a[@id=(//label[text()="Linear?"]/@for)] was found
Element xpath: By.xpath: //input[@id=(//label[text()="Discipline:"]/@for)] was found
Element xpath: By.xpath: //input[@id=(//label[text()="Discipline:"]/@for)] was found
Element xpath: By.xpath: //input[@id=(//label[text()="Discipline:"]/@for)] was found
Element xpath: By.xpath: //input[@id=(//label[text()="Region:"]/@for)] was found
Element xpath: By.xpath: //input[@id=(//label[text()="Region:"]/@for)] was found
Element xpath: By.xpath: //input[@id=(//label[text()="Region:"]/@for)] was found
Element xpath: By.xpath: //input[@id=(//label[text()="Area:"]/@for)] was found
Element xpath: By.xpath: //input[@id=(//label[text()="Area:"]/@for)] was found
Element xpath: By.xpath: //input[@id=(//label[text()="Area:"]/@for)] was found
Element xpath: By.xpath: //input[@id=(//label[text()="Line:"]/@for)] was found
Element xpath: By.xpath: //input[@id=(//label[text()="Line:"]/@for)] was found
Element xpath: By.xpath: //input[@id=(//label[text()="Line:"]/@for)] was found
Element xpath: By.xpath: //img[contains(@id,'SAVE-tbb_')] was found
Element xpath: By.xpath: //label[contains(@id,'mb_msg')] was found
Element xpath: By.xpath: //button[@type='button' and contains (., "OK")] was found
Element xpath: By.xpath: //input[@id=(//label[text()="LRM:"]/@for)] was found
Element xpath: By.xpath: //input[@id=(//label[text()="LRM:"]/@for)] was found
Element xpath: By.xpath: //input[@id=(//label[text()="LRM:"]/@for)] was found
]]></system-out>
    <system-err><![CDATA[Starting ChromeDriver 2.37.544315 (730aa6a5fdba159ac9f4c1e8cbc59bf1b5ce12b7) on port 23294
Only local connections are allowed.
Jun 19, 2018 11:39:24 AM org.openqa.selenium.remote.ProtocolHandshake createSession
INFO: Detected dialect: OSS
]]></system-err>
  </testcase>
  <testcase name="test" classname="config.Shakedown6" time="115.108">
    <failure type="java.lang.AssertionError:">java.lang.AssertionError: null
	at config.Shakedown6.test(Shakedown6.java:152)
</failure>
    <system-out><![CDATA[Element xpath: By.xpath: .//*[@id='loginbutton'] was found
Element xpath: By.xpath: .//*[@id='titlebar-tb_homeButton'] was found
Element xpath: By.xpath: //span[contains(@id,'ASSET_MODULE_')] was found
Element xpath: By.xpath: //span[contains(@id,'ASSET_MODULE_')] was found
Element xpath: By.xpath: //span[contains(@id,'_ASSET_MODULE_sub_changeapp_ASSET_')] was found
Element xpath: By.xpath: //img[contains(@id,'INSERT-tbb_')] was found
Element xpath: By.xpath: //input[contains(@aria-label, 'Asset description')] was found
Element xpath: By.xpath: //input[contains(@aria-label, 'Asset description')] was found
Element xpath: By.xpath: //input[contains(@aria-label, 'Asset description')] was found
Element xpath: By.xpath: //a[@id=(//label[text()="Linear?"]/@for)] was found
Element xpath: By.xpath: //input[@id=(//label[text()="Discipline:"]/@for)] was found
Element xpath: By.xpath: //input[@id=(//label[text()="Discipline:"]/@for)] was found
Element xpath: By.xpath: //input[@id=(//label[text()="Discipline:"]/@for)] was found
Element xpath: By.xpath: //input[@id=(//label[text()="Region:"]/@for)] was found
Element xpath: By.xpath: //input[@id=(//label[text()="Region:"]/@for)] was found
Element xpath: By.xpath: //input[@id=(//label[text()="Region:"]/@for)] was found
Element xpath: By.xpath: //input[@id=(//label[text()="Area:"]/@for)] was found
Element xpath: By.xpath: //input[@id=(//label[text()="Area:"]/@for)] was found
Element xpath: By.xpath: //input[@id=(//label[text()="Area:"]/@for)] was found
Element xpath: By.xpath: //input[@id=(//label[text()="Line:"]/@for)] was found
Element xpath: By.xpath: //input[@id=(//label[text()="Line:"]/@for)] was found
Element xpath: By.xpath: //input[@id=(//label[text()="Line:"]/@for)] was found
Element xpath: By.xpath: //img[contains(@id,'SAVE-tbb_')] was found
Element xpath: By.xpath: //label[contains(@id,'mb_msg')] was found
Element xpath: By.xpath: //button[@type='button' and contains (., "OK")] was found
Element xpath: By.xpath: //input[@id=(//label[text()="LRM:"]/@for)] was found
Element xpath: By.xpath: //input[@id=(//label[text()="LRM:"]/@for)] was found
Element xpath: By.xpath: //input[@id=(//label[text()="LRM:"]/@for)] was found
]]></system-out>
    <system-err><![CDATA[Starting ChromeDriver 2.37.544315 (730aa6a5fdba159ac9f4c1e8cbc59bf1b5ce12b7) on port 28668
Only local connections are allowed.
Jun 19, 2018 11:41:19 AM org.openqa.selenium.remote.ProtocolHandshake createSession
INFO: Detected dialect: OSS
]]></system-err>
  </testcase>
</testsuite>